<?xml version="1.0" encoding="UTF-8"?>
<testsuite xmlns:xsi="http://www.w3.org/2001/XMLSchema-instance" xsi:noNamespaceSchemaLocation="https://maven.apache.org/surefire/maven-surefire-plugin/xsd/surefire-test-report.xsd" name="com.qiong.handshaker.AppTest" time="0.003" tests="0" errors="0" skipped="0" failures="0">
  <properties>
    <property name="gopherProxySet" value="false"/>
    <property name="awt.toolkit" value="sun.lwawt.macosx.LWCToolkit"/>
    <property name="file.encoding.pkg" value="sun.io"/>
    <property name="java.specification.version" value="1.8"/>
    <property name="sun.cpu.isalist" value=""/>
    <property name="sun.jnu.encoding" value="UTF-8"/>
    <property name="java.class.path" value="/Users/zengyingqiong/JAVAS/SpringBoot/MY_PROJECT/HANDSHAKER/utils/target/test-classes:/Users/zengyingqiong/JAVAS/SpringBoot/MY_PROJECT/HANDSHAKER/utils/target/classes:/Users/zengyingqiong/.m2/repository/com/auth0/java-jwt/4.4.0/java-jwt-4.4.0.jar:/Users/zengyingqiong/.m2/repository/com/fasterxml/jackson/core/jackson-databind/2.13.5/jackson-databind-2.13.5.jar:/Users/zengyingqiong/.m2/repository/org/projectlombok/lombok/1.18.30/lombok-1.18.30.jar:/Users/zengyingqiong/.m2/repository/org/springframework/boot/spring-boot-starter-web/2.7.17/spring-boot-starter-web-2.7.17.jar:/Users/zengyingqiong/.m2/repository/org/springframework/boot/spring-boot-starter/2.7.17/spring-boot-starter-2.7.17.jar:/Users/zengyingqiong/.m2/repository/org/springframework/boot/spring-boot/2.7.17/spring-boot-2.7.17.jar:/Users/zengyingqiong/.m2/repository/org/springframework/boot/spring-boot-starter-logging/2.7.17/spring-boot-starter-logging-2.7.17.jar:/Users/zengyingqiong/.m2/repository/org/apache/logging/log4j/log4j-to-slf4j/2.17.2/log4j-to-slf4j-2.17.2.jar:/Users/zengyingqiong/.m2/repository/org/slf4j/jul-to-slf4j/1.7.36/jul-to-slf4j-1.7.36.jar:/Users/zengyingqiong/.m2/repository/jakarta/annotation/jakarta.annotation-api/1.3.5/jakarta.annotation-api-1.3.5.jar:/Users/zengyingqiong/.m2/repository/org/springframework/spring-core/5.3.30/spring-core-5.3.30.jar:/Users/zengyingqiong/.m2/repository/org/springframework/spring-jcl/5.3.30/spring-jcl-5.3.30.jar:/Users/zengyingqiong/.m2/repository/org/yaml/snakeyaml/1.30/snakeyaml-1.30.jar:/Users/zengyingqiong/.m2/repository/org/springframework/boot/spring-boot-starter-json/2.7.17/spring-boot-starter-json-2.7.17.jar:/Users/zengyingqiong/.m2/repository/com/fasterxml/jackson/datatype/jackson-datatype-jdk8/2.13.5/jackson-datatype-jdk8-2.13.5.jar:/Users/zengyingqiong/.m2/repository/com/fasterxml/jackson/datatype/jackson-datatype-jsr310/2.13.5/jackson-datatype-jsr310-2.13.5.jar:/Users/zengyingqiong/.m2/repository/com/fasterxml/jackson/module/jackson-module-parameter-names/2.13.5/jackson-module-parameter-names-2.13.5.jar:/Users/zengyingqiong/.m2/repository/org/springframework/boot/spring-boot-starter-tomcat/2.7.17/spring-boot-starter-tomcat-2.7.17.jar:/Users/zengyingqiong/.m2/repository/org/apache/tomcat/embed/tomcat-embed-core/9.0.82/tomcat-embed-core-9.0.82.jar:/Users/zengyingqiong/.m2/repository/org/apache/tomcat/embed/tomcat-embed-el/9.0.82/tomcat-embed-el-9.0.82.jar:/Users/zengyingqiong/.m2/repository/org/apache/tomcat/embed/tomcat-embed-websocket/9.0.82/tomcat-embed-websocket-9.0.82.jar:/Users/zengyingqiong/.m2/repository/org/springframework/spring-web/5.3.30/spring-web-5.3.30.jar:/Users/zengyingqiong/.m2/repository/org/springframework/spring-beans/5.3.30/spring-beans-5.3.30.jar:/Users/zengyingqiong/.m2/repository/org/springframework/spring-webmvc/5.3.30/spring-webmvc-5.3.30.jar:/Users/zengyingqiong/.m2/repository/org/springframework/spring-context/5.3.30/spring-context-5.3.30.jar:/Users/zengyingqiong/.m2/repository/org/springframework/spring-expression/5.3.30/spring-expression-5.3.30.jar:/Users/zengyingqiong/.m2/repository/org/springframework/boot/spring-boot-starter-security/2.7.17/spring-boot-starter-security-2.7.17.jar:/Users/zengyingqiong/.m2/repository/org/springframework/spring-aop/5.3.30/spring-aop-5.3.30.jar:/Users/zengyingqiong/.m2/repository/org/springframework/security/spring-security-config/5.7.11/spring-security-config-5.7.11.jar:/Users/zengyingqiong/.m2/repository/org/springframework/security/spring-security-core/5.7.11/spring-security-core-5.7.11.jar:/Users/zengyingqiong/.m2/repository/org/springframework/security/spring-security-crypto/5.7.11/spring-security-crypto-5.7.11.jar:/Users/zengyingqiong/.m2/repository/org/springframework/security/spring-security-web/5.7.11/spring-security-web-5.7.11.jar:/Users/zengyingqiong/.m2/repository/org/mybatis/spring/boot/mybatis-spring-boot-starter/2.3.1/mybatis-spring-boot-starter-2.3.1.jar:/Users/zengyingqiong/.m2/repository/org/springframework/boot/spring-boot-starter-jdbc/2.7.17/spring-boot-starter-jdbc-2.7.17.jar:/Users/zengyingqiong/.m2/repository/com/zaxxer/HikariCP/4.0.3/HikariCP-4.0.3.jar:/Users/zengyingqiong/.m2/repository/org/springframework/spring-jdbc/5.3.30/spring-jdbc-5.3.30.jar:/Users/zengyingqiong/.m2/repository/org/mybatis/spring/boot/mybatis-spring-boot-autoconfigure/2.3.1/mybatis-spring-boot-autoconfigure-2.3.1.jar:/Users/zengyingqiong/.m2/repository/org/mybatis/mybatis-spring/2.1.1/mybatis-spring-2.1.1.jar:/Users/zengyingqiong/.m2/repository/com/baomidou/mybatis-plus-boot-starter/3.5.2/mybatis-plus-boot-starter-3.5.2.jar:/Users/zengyingqiong/.m2/repository/com/baomidou/mybatis-plus/3.5.2/mybatis-plus-3.5.2.jar:/Users/zengyingqiong/.m2/repository/com/baomidou/mybatis-plus-extension/3.5.2/mybatis-plus-extension-3.5.2.jar:/Users/zengyingqiong/.m2/repository/com/baomidou/mybatis-plus-core/3.5.2/mybatis-plus-core-3.5.2.jar:/Users/zengyingqiong/.m2/repository/com/baomidou/mybatis-plus-annotation/3.5.2/mybatis-plus-annotation-3.5.2.jar:/Users/zengyingqiong/.m2/repository/com/github/jsqlparser/jsqlparser/4.4/jsqlparser-4.4.jar:/Users/zengyingqiong/.m2/repository/org/jetbrains/kotlin/kotlin-stdlib-jdk8/1.6.21/kotlin-stdlib-jdk8-1.6.21.jar:/Users/zengyingqiong/.m2/repository/org/jetbrains/kotlin/kotlin-stdlib-jdk7/1.6.21/kotlin-stdlib-jdk7-1.6.21.jar:/Users/zengyingqiong/.m2/repository/org/springframework/boot/spring-boot-autoconfigure/2.7.17/spring-boot-autoconfigure-2.7.17.jar:/Users/zengyingqiong/.m2/repository/org/mybatis/mybatis/3.5.13/mybatis-3.5.13.jar:/Users/zengyingqiong/.m2/repository/org/springframework/boot/spring-boot-starter-data-redis/2.7.17/spring-boot-starter-data-redis-2.7.17.jar:/Users/zengyingqiong/.m2/repository/org/springframework/data/spring-data-redis/2.7.17/spring-data-redis-2.7.17.jar:/Users/zengyingqiong/.m2/repository/org/springframework/data/spring-data-keyvalue/2.7.17/spring-data-keyvalue-2.7.17.jar:/Users/zengyingqiong/.m2/repository/org/springframework/data/spring-data-commons/2.7.17/spring-data-commons-2.7.17.jar:/Users/zengyingqiong/.m2/repository/org/springframework/spring-tx/5.3.30/spring-tx-5.3.30.jar:/Users/zengyingqiong/.m2/repository/org/springframework/spring-oxm/5.3.30/spring-oxm-5.3.30.jar:/Users/zengyingqiong/.m2/repository/org/springframework/spring-context-support/5.3.30/spring-context-support-5.3.30.jar:/Users/zengyingqiong/.m2/repository/io/lettuce/lettuce-core/6.1.10.RELEASE/lettuce-core-6.1.10.RELEASE.jar:/Users/zengyingqiong/.m2/repository/io/netty/netty-common/4.1.100.Final/netty-common-4.1.100.Final.jar:/Users/zengyingqiong/.m2/repository/io/netty/netty-handler/4.1.100.Final/netty-handler-4.1.100.Final.jar:/Users/zengyingqiong/.m2/repository/io/netty/netty-resolver/4.1.100.Final/netty-resolver-4.1.100.Final.jar:/Users/zengyingqiong/.m2/repository/io/netty/netty-buffer/4.1.100.Final/netty-buffer-4.1.100.Final.jar:/Users/zengyingqiong/.m2/repository/io/netty/netty-transport-native-unix-common/4.1.100.Final/netty-transport-native-unix-common-4.1.100.Final.jar:/Users/zengyingqiong/.m2/repository/io/netty/netty-codec/4.1.100.Final/netty-codec-4.1.100.Final.jar:/Users/zengyingqiong/.m2/repository/io/netty/netty-transport/4.1.100.Final/netty-transport-4.1.100.Final.jar:/Users/zengyingqiong/.m2/repository/io/projectreactor/reactor-core/3.4.33/reactor-core-3.4.33.jar:/Users/zengyingqiong/.m2/repository/org/reactivestreams/reactive-streams/1.0.4/reactive-streams-1.0.4.jar:/Users/zengyingqiong/.m2/repository/org/springframework/boot/spring-boot-starter-data-redis-reactive/2.7.17/spring-boot-starter-data-redis-reactive-2.7.17.jar:/Users/zengyingqiong/.m2/repository/org/slf4j/slf4j-api/1.7.36/slf4j-api-1.7.36.jar:/Users/zengyingqiong/.m2/repository/ch/qos/logback/logback-classic/1.2.12/logback-classic-1.2.12.jar:/Users/zengyingqiong/.m2/repository/ch/qos/logback/logback-core/1.2.12/logback-core-1.2.12.jar:/Users/zengyingqiong/.m2/repository/junit/junit/3.8.1/junit-3.8.1.jar:/Users/zengyingqiong/.m2/repository/jakarta/validation/jakarta.validation-api/2.0.2/jakarta.validation-api-2.0.2.jar:/Users/zengyingqiong/.m2/repository/org/hibernate/validator/hibernate-validator/6.2.5.Final/hibernate-validator-6.2.5.Final.jar:/Users/zengyingqiong/.m2/repository/org/jboss/logging/jboss-logging/3.4.3.Final/jboss-logging-3.4.3.Final.jar:/Users/zengyingqiong/.m2/repository/com/fasterxml/classmate/1.5.1/classmate-1.5.1.jar:/Users/zengyingqiong/.m2/repository/cn/hutool/hutool-all/5.8.22/hutool-all-5.8.22.jar:/Users/zengyingqiong/.m2/repository/org/apache/poi/poi-ooxml/5.2.4/poi-ooxml-5.2.4.jar:/Users/zengyingqiong/.m2/repository/org/apache/poi/poi/5.2.4/poi-5.2.4.jar:/Users/zengyingqiong/.m2/repository/commons-codec/commons-codec/1.15/commons-codec-1.15.jar:/Users/zengyingqiong/.m2/repository/org/apache/commons/commons-math3/3.6.1/commons-math3-3.6.1.jar:/Users/zengyingqiong/.m2/repository/com/zaxxer/SparseBitSet/1.3/SparseBitSet-1.3.jar:/Users/zengyingqiong/.m2/repository/org/apache/poi/poi-ooxml-lite/5.2.4/poi-ooxml-lite-5.2.4.jar:/Users/zengyingqiong/.m2/repository/org/apache/xmlbeans/xmlbeans/5.1.1/xmlbeans-5.1.1.jar:/Users/zengyingqiong/.m2/repository/xml-apis/xml-apis/1.4.01/xml-apis-1.4.01.jar:/Users/zengyingqiong/.m2/repository/org/apache/commons/commons-compress/1.24.0/commons-compress-1.24.0.jar:/Users/zengyingqiong/.m2/repository/commons-io/commons-io/2.13.0/commons-io-2.13.0.jar:/Users/zengyingqiong/.m2/repository/com/github/virtuald/curvesapi/1.08/curvesapi-1.08.jar:/Users/zengyingqiong/.m2/repository/org/apache/logging/log4j/log4j-api/2.17.2/log4j-api-2.17.2.jar:/Users/zengyingqiong/.m2/repository/org/apache/commons/commons-collections4/4.4/commons-collections4-4.4.jar:/Users/zengyingqiong/.m2/repository/io/minio/minio/8.5.7/minio-8.5.7.jar:/Users/zengyingqiong/.m2/repository/com/carrotsearch/thirdparty/simple-xml-safe/2.7.1/simple-xml-safe-2.7.1.jar:/Users/zengyingqiong/.m2/repository/com/google/guava/guava/32.1.3-jre/guava-32.1.3-jre.jar:/Users/zengyingqiong/.m2/repository/com/google/guava/failureaccess/1.0.1/failureaccess-1.0.1.jar:/Users/zengyingqiong/.m2/repository/com/google/guava/listenablefuture/9999.0-empty-to-avoid-conflict-with-guava/listenablefuture-9999.0-empty-to-avoid-conflict-with-guava.jar:/Users/zengyingqiong/.m2/repository/com/google/code/findbugs/jsr305/3.0.2/jsr305-3.0.2.jar:/Users/zengyingqiong/.m2/repository/org/checkerframework/checker-qual/3.37.0/checker-qual-3.37.0.jar:/Users/zengyingqiong/.m2/repository/com/google/errorprone/error_prone_annotations/2.21.1/error_prone_annotations-2.21.1.jar:/Users/zengyingqiong/.m2/repository/com/google/j2objc/j2objc-annotations/2.8/j2objc-annotations-2.8.jar:/Users/zengyingqiong/.m2/repository/com/squareup/okhttp3/okhttp/4.9.3/okhttp-4.9.3.jar:/Users/zengyingqiong/.m2/repository/com/squareup/okio/okio/2.8.0/okio-2.8.0.jar:/Users/zengyingqiong/.m2/repository/org/jetbrains/kotlin/kotlin-stdlib-common/1.6.21/kotlin-stdlib-common-1.6.21.jar:/Users/zengyingqiong/.m2/repository/org/jetbrains/kotlin/kotlin-stdlib/1.6.21/kotlin-stdlib-1.6.21.jar:/Users/zengyingqiong/.m2/repository/org/jetbrains/annotations/13.0/annotations-13.0.jar:/Users/zengyingqiong/.m2/repository/com/fasterxml/jackson/core/jackson-annotations/2.13.5/jackson-annotations-2.13.5.jar:/Users/zengyingqiong/.m2/repository/com/fasterxml/jackson/core/jackson-core/2.13.5/jackson-core-2.13.5.jar:/Users/zengyingqiong/.m2/repository/org/bouncycastle/bcprov-jdk18on/1.76/bcprov-jdk18on-1.76.jar:/Users/zengyingqiong/.m2/repository/org/xerial/snappy/snappy-java/1.1.10.5/snappy-java-1.1.10.5.jar:"/>
    <property name="java.vm.vendor" value="Azul Systems, Inc."/>
    <property name="sun.arch.data.model" value="64"/>
    <property name="java.vendor.url" value="http://www.azul.com/"/>
    <property name="user.timezone" value=""/>
    <property name="java.vm.specification.version" value="1.8"/>
    <property name="os.name" value="Mac OS X"/>
    <property name="user.country" value="CN"/>
    <property name="sun.java.launcher" value="SUN_STANDARD"/>
    <property name="sun.boot.library.path" value="/Library/Java/JavaVirtualMachines/zulu-8.jdk/Contents/Home/jre/lib"/>
    <property name="sun.java.command" value="/Users/zengyingqiong/JAVAS/SpringBoot/MY_PROJECT/HANDSHAKER/utils/target/surefire/surefirebooter6960787616245562965.jar /Users/zengyingqiong/JAVAS/SpringBoot/MY_PROJECT/HANDSHAKER/utils/target/surefire 2023-12-01T11-43-43_294-jvmRun1 surefire687868910934007419tmp surefire_07726535160287653667tmp"/>
    <property name="surefire.test.class.path" value="/Users/zengyingqiong/JAVAS/SpringBoot/MY_PROJECT/HANDSHAKER/utils/target/test-classes:/Users/zengyingqiong/JAVAS/SpringBoot/MY_PROJECT/HANDSHAKER/utils/target/classes:/Users/zengyingqiong/.m2/repository/com/auth0/java-jwt/4.4.0/java-jwt-4.4.0.jar:/Users/zengyingqiong/.m2/repository/com/fasterxml/jackson/core/jackson-databind/2.13.5/jackson-databind-2.13.5.jar:/Users/zengyingqiong/.m2/repository/org/projectlombok/lombok/1.18.30/lombok-1.18.30.jar:/Users/zengyingqiong/.m2/repository/org/springframework/boot/spring-boot-starter-web/2.7.17/spring-boot-starter-web-2.7.17.jar:/Users/zengyingqiong/.m2/repository/org/springframework/boot/spring-boot-starter/2.7.17/spring-boot-starter-2.7.17.jar:/Users/zengyingqiong/.m2/repository/org/springframework/boot/spring-boot/2.7.17/spring-boot-2.7.17.jar:/Users/zengyingqiong/.m2/repository/org/springframework/boot/spring-boot-starter-logging/2.7.17/spring-boot-starter-logging-2.7.17.jar:/Users/zengyingqiong/.m2/repository/org/apache/logging/log4j/log4j-to-slf4j/2.17.2/log4j-to-slf4j-2.17.2.jar:/Users/zengyingqiong/.m2/repository/org/slf4j/jul-to-slf4j/1.7.36/jul-to-slf4j-1.7.36.jar:/Users/zengyingqiong/.m2/repository/jakarta/annotation/jakarta.annotation-api/1.3.5/jakarta.annotation-api-1.3.5.jar:/Users/zengyingqiong/.m2/repository/org/springframework/spring-core/5.3.30/spring-core-5.3.30.jar:/Users/zengyingqiong/.m2/repository/org/springframework/spring-jcl/5.3.30/spring-jcl-5.3.30.jar:/Users/zengyingqiong/.m2/repository/org/yaml/snakeyaml/1.30/snakeyaml-1.30.jar:/Users/zengyingqiong/.m2/repository/org/springframework/boot/spring-boot-starter-json/2.7.17/spring-boot-starter-json-2.7.17.jar:/Users/zengyingqiong/.m2/repository/com/fasterxml/jackson/datatype/jackson-datatype-jdk8/2.13.5/jackson-datatype-jdk8-2.13.5.jar:/Users/zengyingqiong/.m2/repository/com/fasterxml/jackson/datatype/jackson-datatype-jsr310/2.13.5/jackson-datatype-jsr310-2.13.5.jar:/Users/zengyingqiong/.m2/repository/com/fasterxml/jackson/module/jackson-module-parameter-names/2.13.5/jackson-module-parameter-names-2.13.5.jar:/Users/zengyingqiong/.m2/repository/org/springframework/boot/spring-boot-starter-tomcat/2.7.17/spring-boot-starter-tomcat-2.7.17.jar:/Users/zengyingqiong/.m2/repository/org/apache/tomcat/embed/tomcat-embed-core/9.0.82/tomcat-embed-core-9.0.82.jar:/Users/zengyingqiong/.m2/repository/org/apache/tomcat/embed/tomcat-embed-el/9.0.82/tomcat-embed-el-9.0.82.jar:/Users/zengyingqiong/.m2/repository/org/apache/tomcat/embed/tomcat-embed-websocket/9.0.82/tomcat-embed-websocket-9.0.82.jar:/Users/zengyingqiong/.m2/repository/org/springframework/spring-web/5.3.30/spring-web-5.3.30.jar:/Users/zengyingqiong/.m2/repository/org/springframework/spring-beans/5.3.30/spring-beans-5.3.30.jar:/Users/zengyingqiong/.m2/repository/org/springframework/spring-webmvc/5.3.30/spring-webmvc-5.3.30.jar:/Users/zengyingqiong/.m2/repository/org/springframework/spring-context/5.3.30/spring-context-5.3.30.jar:/Users/zengyingqiong/.m2/repository/org/springframework/spring-expression/5.3.30/spring-expression-5.3.30.jar:/Users/zengyingqiong/.m2/repository/org/springframework/boot/spring-boot-starter-security/2.7.17/spring-boot-starter-security-2.7.17.jar:/Users/zengyingqiong/.m2/repository/org/springframework/spring-aop/5.3.30/spring-aop-5.3.30.jar:/Users/zengyingqiong/.m2/repository/org/springframework/security/spring-security-config/5.7.11/spring-security-config-5.7.11.jar:/Users/zengyingqiong/.m2/repository/org/springframework/security/spring-security-core/5.7.11/spring-security-core-5.7.11.jar:/Users/zengyingqiong/.m2/repository/org/springframework/security/spring-security-crypto/5.7.11/spring-security-crypto-5.7.11.jar:/Users/zengyingqiong/.m2/repository/org/springframework/security/spring-security-web/5.7.11/spring-security-web-5.7.11.jar:/Users/zengyingqiong/.m2/repository/org/mybatis/spring/boot/mybatis-spring-boot-starter/2.3.1/mybatis-spring-boot-starter-2.3.1.jar:/Users/zengyingqiong/.m2/repository/org/springframework/boot/spring-boot-starter-jdbc/2.7.17/spring-boot-starter-jdbc-2.7.17.jar:/Users/zengyingqiong/.m2/repository/com/zaxxer/HikariCP/4.0.3/HikariCP-4.0.3.jar:/Users/zengyingqiong/.m2/repository/org/springframework/spring-jdbc/5.3.30/spring-jdbc-5.3.30.jar:/Users/zengyingqiong/.m2/repository/org/mybatis/spring/boot/mybatis-spring-boot-autoconfigure/2.3.1/mybatis-spring-boot-autoconfigure-2.3.1.jar:/Users/zengyingqiong/.m2/repository/org/mybatis/mybatis-spring/2.1.1/mybatis-spring-2.1.1.jar:/Users/zengyingqiong/.m2/repository/com/baomidou/mybatis-plus-boot-starter/3.5.2/mybatis-plus-boot-starter-3.5.2.jar:/Users/zengyingqiong/.m2/repository/com/baomidou/mybatis-plus/3.5.2/mybatis-plus-3.5.2.jar:/Users/zengyingqiong/.m2/repository/com/baomidou/mybatis-plus-extension/3.5.2/mybatis-plus-extension-3.5.2.jar:/Users/zengyingqiong/.m2/repository/com/baomidou/mybatis-plus-core/3.5.2/mybatis-plus-core-3.5.2.jar:/Users/zengyingqiong/.m2/repository/com/baomidou/mybatis-plus-annotation/3.5.2/mybatis-plus-annotation-3.5.2.jar:/Users/zengyingqiong/.m2/repository/com/github/jsqlparser/jsqlparser/4.4/jsqlparser-4.4.jar:/Users/zengyingqiong/.m2/repository/org/jetbrains/kotlin/kotlin-stdlib-jdk8/1.6.21/kotlin-stdlib-jdk8-1.6.21.jar:/Users/zengyingqiong/.m2/repository/org/jetbrains/kotlin/kotlin-stdlib-jdk7/1.6.21/kotlin-stdlib-jdk7-1.6.21.jar:/Users/zengyingqiong/.m2/repository/org/springframework/boot/spring-boot-autoconfigure/2.7.17/spring-boot-autoconfigure-2.7.17.jar:/Users/zengyingqiong/.m2/repository/org/mybatis/mybatis/3.5.13/mybatis-3.5.13.jar:/Users/zengyingqiong/.m2/repository/org/springframework/boot/spring-boot-starter-data-redis/2.7.17/spring-boot-starter-data-redis-2.7.17.jar:/Users/zengyingqiong/.m2/repository/org/springframework/data/spring-data-redis/2.7.17/spring-data-redis-2.7.17.jar:/Users/zengyingqiong/.m2/repository/org/springframework/data/spring-data-keyvalue/2.7.17/spring-data-keyvalue-2.7.17.jar:/Users/zengyingqiong/.m2/repository/org/springframework/data/spring-data-commons/2.7.17/spring-data-commons-2.7.17.jar:/Users/zengyingqiong/.m2/repository/org/springframework/spring-tx/5.3.30/spring-tx-5.3.30.jar:/Users/zengyingqiong/.m2/repository/org/springframework/spring-oxm/5.3.30/spring-oxm-5.3.30.jar:/Users/zengyingqiong/.m2/repository/org/springframework/spring-context-support/5.3.30/spring-context-support-5.3.30.jar:/Users/zengyingqiong/.m2/repository/io/lettuce/lettuce-core/6.1.10.RELEASE/lettuce-core-6.1.10.RELEASE.jar:/Users/zengyingqiong/.m2/repository/io/netty/netty-common/4.1.100.Final/netty-common-4.1.100.Final.jar:/Users/zengyingqiong/.m2/repository/io/netty/netty-handler/4.1.100.Final/netty-handler-4.1.100.Final.jar:/Users/zengyingqiong/.m2/repository/io/netty/netty-resolver/4.1.100.Final/netty-resolver-4.1.100.Final.jar:/Users/zengyingqiong/.m2/repository/io/netty/netty-buffer/4.1.100.Final/netty-buffer-4.1.100.Final.jar:/Users/zengyingqiong/.m2/repository/io/netty/netty-transport-native-unix-common/4.1.100.Final/netty-transport-native-unix-common-4.1.100.Final.jar:/Users/zengyingqiong/.m2/repository/io/netty/netty-codec/4.1.100.Final/netty-codec-4.1.100.Final.jar:/Users/zengyingqiong/.m2/repository/io/netty/netty-transport/4.1.100.Final/netty-transport-4.1.100.Final.jar:/Users/zengyingqiong/.m2/repository/io/projectreactor/reactor-core/3.4.33/reactor-core-3.4.33.jar:/Users/zengyingqiong/.m2/repository/org/reactivestreams/reactive-streams/1.0.4/reactive-streams-1.0.4.jar:/Users/zengyingqiong/.m2/repository/org/springframework/boot/spring-boot-starter-data-redis-reactive/2.7.17/spring-boot-starter-data-redis-reactive-2.7.17.jar:/Users/zengyingqiong/.m2/repository/org/slf4j/slf4j-api/1.7.36/slf4j-api-1.7.36.jar:/Users/zengyingqiong/.m2/repository/ch/qos/logback/logback-classic/1.2.12/logback-classic-1.2.12.jar:/Users/zengyingqiong/.m2/repository/ch/qos/logback/logback-core/1.2.12/logback-core-1.2.12.jar:/Users/zengyingqiong/.m2/repository/junit/junit/3.8.1/junit-3.8.1.jar:/Users/zengyingqiong/.m2/repository/jakarta/validation/jakarta.validation-api/2.0.2/jakarta.validation-api-2.0.2.jar:/Users/zengyingqiong/.m2/repository/org/hibernate/validator/hibernate-validator/6.2.5.Final/hibernate-validator-6.2.5.Final.jar:/Users/zengyingqiong/.m2/repository/org/jboss/logging/jboss-logging/3.4.3.Final/jboss-logging-3.4.3.Final.jar:/Users/zengyingqiong/.m2/repository/com/fasterxml/classmate/1.5.1/classmate-1.5.1.jar:/Users/zengyingqiong/.m2/repository/cn/hutool/hutool-all/5.8.22/hutool-all-5.8.22.jar:/Users/zengyingqiong/.m2/repository/org/apache/poi/poi-ooxml/5.2.4/poi-ooxml-5.2.4.jar:/Users/zengyingqiong/.m2/repository/org/apache/poi/poi/5.2.4/poi-5.2.4.jar:/Users/zengyingqiong/.m2/repository/commons-codec/commons-codec/1.15/commons-codec-1.15.jar:/Users/zengyingqiong/.m2/repository/org/apache/commons/commons-math3/3.6.1/commons-math3-3.6.1.jar:/Users/zengyingqiong/.m2/repository/com/zaxxer/SparseBitSet/1.3/SparseBitSet-1.3.jar:/Users/zengyingqiong/.m2/repository/org/apache/poi/poi-ooxml-lite/5.2.4/poi-ooxml-lite-5.2.4.jar:/Users/zengyingqiong/.m2/repository/org/apache/xmlbeans/xmlbeans/5.1.1/xmlbeans-5.1.1.jar:/Users/zengyingqiong/.m2/repository/xml-apis/xml-apis/1.4.01/xml-apis-1.4.01.jar:/Users/zengyingqiong/.m2/repository/org/apache/commons/commons-compress/1.24.0/commons-compress-1.24.0.jar:/Users/zengyingqiong/.m2/repository/commons-io/commons-io/2.13.0/commons-io-2.13.0.jar:/Users/zengyingqiong/.m2/repository/com/github/virtuald/curvesapi/1.08/curvesapi-1.08.jar:/Users/zengyingqiong/.m2/repository/org/apache/logging/log4j/log4j-api/2.17.2/log4j-api-2.17.2.jar:/Users/zengyingqiong/.m2/repository/org/apache/commons/commons-collections4/4.4/commons-collections4-4.4.jar:/Users/zengyingqiong/.m2/repository/io/minio/minio/8.5.7/minio-8.5.7.jar:/Users/zengyingqiong/.m2/repository/com/carrotsearch/thirdparty/simple-xml-safe/2.7.1/simple-xml-safe-2.7.1.jar:/Users/zengyingqiong/.m2/repository/com/google/guava/guava/32.1.3-jre/guava-32.1.3-jre.jar:/Users/zengyingqiong/.m2/repository/com/google/guava/failureaccess/1.0.1/failureaccess-1.0.1.jar:/Users/zengyingqiong/.m2/repository/com/google/guava/listenablefuture/9999.0-empty-to-avoid-conflict-with-guava/listenablefuture-9999.0-empty-to-avoid-conflict-with-guava.jar:/Users/zengyingqiong/.m2/repository/com/google/code/findbugs/jsr305/3.0.2/jsr305-3.0.2.jar:/Users/zengyingqiong/.m2/repository/org/checkerframework/checker-qual/3.37.0/checker-qual-3.37.0.jar:/Users/zengyingqiong/.m2/repository/com/google/errorprone/error_prone_annotations/2.21.1/error_prone_annotations-2.21.1.jar:/Users/zengyingqiong/.m2/repository/com/google/j2objc/j2objc-annotations/2.8/j2objc-annotations-2.8.jar:/Users/zengyingqiong/.m2/repository/com/squareup/okhttp3/okhttp/4.9.3/okhttp-4.9.3.jar:/Users/zengyingqiong/.m2/repository/com/squareup/okio/okio/2.8.0/okio-2.8.0.jar:/Users/zengyingqiong/.m2/repository/org/jetbrains/kotlin/kotlin-stdlib-common/1.6.21/kotlin-stdlib-common-1.6.21.jar:/Users/zengyingqiong/.m2/repository/org/jetbrains/kotlin/kotlin-stdlib/1.6.21/kotlin-stdlib-1.6.21.jar:/Users/zengyingqiong/.m2/repository/org/jetbrains/annotations/13.0/annotations-13.0.jar:/Users/zengyingqiong/.m2/repository/com/fasterxml/jackson/core/jackson-annotations/2.13.5/jackson-annotations-2.13.5.jar:/Users/zengyingqiong/.m2/repository/com/fasterxml/jackson/core/jackson-core/2.13.5/jackson-core-2.13.5.jar:/Users/zengyingqiong/.m2/repository/org/bouncycastle/bcprov-jdk18on/1.76/bcprov-jdk18on-1.76.jar:/Users/zengyingqiong/.m2/repository/org/xerial/snappy/snappy-java/1.1.10.5/snappy-java-1.1.10.5.jar:"/>
    <property name="sun.cpu.endian" value="little"/>
    <property name="user.home" value="/Users/zengyingqiong"/>
    <property name="user.language" value="zh"/>
    <property name="java.specification.vendor" value="Oracle Corporation"/>
    <property name="java.home" value="/Library/Java/JavaVirtualMachines/zulu-8.jdk/Contents/Home/jre"/>
    <property name="basedir" value="/Users/zengyingqiong/JAVAS/SpringBoot/MY_PROJECT/HANDSHAKER/utils"/>
    <property name="file.separator" value="/"/>
    <property name="line.separator" value="&#10;"/>
    <property name="jdk.vendor.version" value="Zulu 8.72.0.17-CA-macos-aarch64"/>
    <property name="java.vm.specification.vendor" value="Oracle Corporation"/>
    <property name="java.specification.name" value="Java Platform API Specification"/>
    <property name="java.awt.graphicsenv" value="sun.awt.CGraphicsEnvironment"/>
    <property name="surefire.real.class.path" value="/Users/zengyingqiong/JAVAS/SpringBoot/MY_PROJECT/HANDSHAKER/utils/target/surefire/surefirebooter6960787616245562965.jar"/>
    <property name="sun.boot.class.path" value="/Library/Java/JavaVirtualMachines/zulu-8.jdk/Contents/Home/jre/lib/resources.jar:/Library/Java/JavaVirtualMachines/zulu-8.jdk/Contents/Home/jre/lib/rt.jar:/Library/Java/JavaVirtualMachines/zulu-8.jdk/Contents/Home/jre/lib/sunrsasign.jar:/Library/Java/JavaVirtualMachines/zulu-8.jdk/Contents/Home/jre/lib/jsse.jar:/Library/Java/JavaVirtualMachines/zulu-8.jdk/Contents/Home/jre/lib/jce.jar:/Library/Java/JavaVirtualMachines/zulu-8.jdk/Contents/Home/jre/lib/charsets.jar:/Library/Java/JavaVirtualMachines/zulu-8.jdk/Contents/Home/jre/lib/jfr.jar:/Library/Java/JavaVirtualMachines/zulu-8.jdk/Contents/Home/jre/lib/cat.jar:/Library/Java/JavaVirtualMachines/zulu-8.jdk/Contents/Home/jre/classes"/>
    <property name="sun.management.compiler" value="HotSpot 64-Bit Tiered Compilers"/>
    <property name="java.runtime.version" value="1.8.0_382-b05"/>
    <property name="user.name" value="zengyingqiong"/>
    <property name="path.separator" value=":"/>
    <property name="os.version" value="13.1"/>
    <property name="java.endorsed.dirs" value="/Library/Java/JavaVirtualMachines/zulu-8.jdk/Contents/Home/jre/lib/endorsed"/>
    <property name="java.runtime.name" value="OpenJDK Runtime Environment"/>
    <property name="file.encoding" value="UTF-8"/>
    <property name="java.vm.name" value="OpenJDK 64-Bit Server VM"/>
    <property name="localRepository" value="/Users/zengyingqiong/.m2/repository"/>
    <property name="java.vendor.url.bug" value="http://www.azul.com/support/"/>
    <property name="java.io.tmpdir" value="/var/folders/pv/fq9t1xx92hn572hz992rq6pc0000gn/T/"/>
    <property name="idea.version" value="2023.2.1"/>
    <property name="java.version" value="1.8.0_382"/>
    <property name="user.dir" value="/Users/zengyingqiong/JAVAS/SpringBoot/MY_PROJECT/HANDSHAKER/utils"/>
    <property name="os.arch" value="aarch64"/>
    <property name="java.vm.specification.name" value="Java Virtual Machine Specification"/>
    <property name="java.awt.printerjob" value="sun.lwawt.macosx.CPrinterJob"/>
    <property name="sun.os.patch.level" value="unknown"/>
    <property name="java.library.path" value="/Users/zengyingqiong/Library/Java/Extensions:/Library/Java/Extensions:/Network/Library/Java/Extensions:/System/Library/Java/Extensions:/usr/lib/java:."/>
    <property name="java.vm.info" value="mixed mode"/>
    <property name="java.vendor" value="Azul Systems, Inc."/>
    <property name="java.vm.version" value="25.382-b05"/>
    <property name="java.specification.maintenance.version" value="5"/>
    <property name="java.ext.dirs" value="/Users/zengyingqiong/Library/Java/Extensions:/Library/Java/JavaVirtualMachines/zulu-8.jdk/Contents/Home/jre/lib/ext:/Library/Java/Extensions:/Network/Library/Java/Extensions:/System/Library/Java/Extensions:/usr/lib/java"/>
    <property name="sun.io.unicode.encoding" value="UnicodeBig"/>
    <property name="java.class.version" value="52.0"/>
  </properties>
</testsuite>